<?xml version="1.0" encoding="UTF-8"?>
<coverage generated="1619590523376" clover="3.2.0">
  <project timestamp="1619590523377" name="All files">
    <metrics statements="4" coveredstatements="2" conditionals="2" coveredconditionals="0" methods="2" coveredmethods="2" elements="8" coveredelements="4" complexity="0" loc="4" ncloc="4" packages="1" files="2" classes="2"/>
    <file name="ErrorView.jsx" path="/Users/haraldludvig/Downloads/webapp-eksamen-main/src/client/ErrorView.jsx">
      <metrics statements="3" coveredstatements="1" conditionals="2" coveredconditionals="0" methods="1" coveredmethods="1"/>
      <line num="5" count="1" type="cond" truecount="0" falsecount="2"/>
      <line num="6" count="0" type="stmt"/>
      <line num="15" count="0" type="stmt"/>
    </file>
    <file name="LoadingView.jsx" path="/Users/haraldludvig/Downloads/webapp-eksamen-main/src/client/LoadingView.jsx">
      <metrics statements="1" coveredstatements="1" conditionals="0" coveredconditionals="0" methods="1" coveredmethods="1"/>
      <line num="4" count="1" type="stmt"/>
    </file>
  </project>
</coverage>
