{"/Users/haraldludvig/Downloads/webapp-eksamen-main/src/client/ErrorView.jsx": {"path":"/Users/haraldludvig/Downloads/webapp-eksamen-main/src/client/ErrorView.jsx","statementMap":{"0":{"start":{"line":5,"column":2},"end":{"line":14,"column":3}},"1":{"start":{"line":6,"column":4},"end":{"line":13,"column":6}},"2":{"start":{"line":15,"column":2},"end":{"line":15,"column":58}}},"fnMap":{"0":{"name":"ErrorView","decl":{"start":{"line":4,"column":16},"end":{"line":4,"column":25}},"loc":{"start":{"line":4,"column":37},"end":{"line":16,"column":1}},"line":4}},"branchMap":{"0":{"loc":{"start":{"line":5,"column":2},"end":{"line":14,"column":3}},"type":"if","locations":[{"start":{"line":5,"column":2},"end":{"line":14,"column":3}},{"start":{"line":5,"column":2},"end":{"line":14,"column":3}}],"line":5}},"s":{"0":1,"1":0,"2":0},"f":{"0":1},"b":{"0":[0,0]},"_coverageSchema":"1a1c01bbd47fc00a2c39e90264f33305004495a9","hash":"9a34b156d7e9f080124377ce19743b6a08734861"}
,"/Users/haraldludvig/Downloads/webapp-eksamen-main/src/client/LoadingView.jsx": {"path":"/Users/haraldludvig/Downloads/webapp-eksamen-main/src/client/LoadingView.jsx","statementMap":{"0":{"start":{"line":4,"column":2},"end":{"line":4,"column":31}}},"fnMap":{"0":{"name":"LoadingView","decl":{"start":{"line":3,"column":16},"end":{"line":3,"column":27}},"loc":{"start":{"line":3,"column":30},"end":{"line":5,"column":1}},"line":3}},"branchMap":{},"s":{"0":1},"f":{"0":1},"b":{},"_coverageSchema":"1a1c01bbd47fc00a2c39e90264f33305004495a9","hash":"3df7a79b272eb2375522c07780b0306bf043a020"}
}
